c:\users\gabriel achumba\documents\softwareforecasting\softwareforecasting\softwareforecasting\forecast\x64\debug\vc142.pdb
c:\users\gabriel achumba\documents\softwareforecasting\softwareforecasting\softwareforecasting\forecast\x64\debug\vc142.idb
c:\users\gabriel achumba\documents\softwareforecasting\softwareforecasting\softwareforecasting\forecast\x64\debug\integration.obj
c:\users\gabriel achumba\documents\softwareforecasting\softwareforecasting\softwareforecasting\forecast\x64\debug\inputdeck.obj
c:\users\gabriel achumba\documents\softwareforecasting\softwareforecasting\softwareforecasting\forecast\x64\debug\fractionalflow.obj
c:\users\gabriel achumba\documents\softwareforecasting\softwareforecasting\softwareforecasting\forecast\x64\debug\forecast.obj
c:\users\gabriel achumba\documents\softwareforecasting\softwareforecasting\softwareforecasting\forecast\x64\debug\dllmain.obj
c:\users\gabriel achumba\documents\softwareforecasting\softwareforecasting\softwareforecasting\forecast\x64\debug\decline_curve_analysis.obj
c:\users\gabriel achumba\documents\softwareforecasting\softwareforecasting\softwareforecasting\forecast\x64\debug\datecreation.obj
c:\users\gabriel achumba\documents\softwareforecasting\softwareforecasting\softwareforecasting\forecast\x64\debug\calculatedeckvariables.obj
c:\users\gabriel achumba\documents\softwareforecasting\softwareforecasting\softwareforecasting\x64\debug\forecast.lib
c:\users\gabriel achumba\documents\softwareforecasting\softwareforecasting\softwareforecasting\x64\debug\forecast.exp
c:\users\gabriel achumba\documents\softwareforecasting\softwareforecasting\softwareforecasting\x64\debug\forecast.ilk
c:\users\gabriel achumba\documents\softwareforecasting\softwareforecasting\softwareforecasting\x64\debug\forecast.dll
c:\users\gabriel achumba\documents\softwareforecasting\softwareforecasting\softwareforecasting\x64\debug\forecast.pdb
c:\users\gabriel achumba\documents\softwareforecasting\softwareforecasting\softwareforecasting\forecast\x64\debug\forecast.tlog\cl.command.1.tlog
c:\users\gabriel achumba\documents\softwareforecasting\softwareforecasting\softwareforecasting\forecast\x64\debug\forecast.tlog\cl.read.1.tlog
c:\users\gabriel achumba\documents\softwareforecasting\softwareforecasting\softwareforecasting\forecast\x64\debug\forecast.tlog\cl.write.1.tlog
c:\users\gabriel achumba\documents\softwareforecasting\softwareforecasting\softwareforecasting\forecast\x64\debug\forecast.tlog\forecast.write.1u.tlog
c:\users\gabriel achumba\documents\softwareforecasting\softwareforecasting\softwareforecasting\forecast\x64\debug\forecast.tlog\link.command.1.tlog
c:\users\gabriel achumba\documents\softwareforecasting\softwareforecasting\softwareforecasting\forecast\x64\debug\forecast.tlog\link.read.1.tlog
c:\users\gabriel achumba\documents\softwareforecasting\softwareforecasting\softwareforecasting\forecast\x64\debug\forecast.tlog\link.write.1.tlog
